Prepare postive samples
 done
The number of postvie samples is 29849
Prepare negtive samples
 done
The number of negtive samples is 20
***********************************
Before trim the num of posIndex is 29849
Before trim the num of negIndex is 89547
The minLeaf at this stage is 1194
Iter 0: nPos=29849, nNeg=89547, 
The FAR of this tree is 91.3442%
This DQT contains 28 nodes
FAR at 0 stage is 91.3442%
***********************************
Before trim the num of posIndex is 29849
Before trim the num of negIndex is 89547
The minLeaf at this stage is 1194
Iter 1: nPos=29849, nNeg=89547, 
The FAR of this tree is 27.8323%
This DQT contains 29 nodes
FAR at 1 stage is 25.4232%
***********************************
Before trim the num of posIndex is 29849
Before trim the num of negIndex is 89547
The minLeaf at this stage is 1136
Iter 2: nPos=29849, nNeg=83748, 
The FAR of this tree is 23.3911%
This DQT contains 34 nodes
FAR at 2 stage is 5.94676%
***********************************
Before trim the num of posIndex is 29849
Before trim the num of negIndex is 89547
The minLeaf at this stage is 1105
Iter 3: nPos=28789, nNeg=81742, 
The FAR of this tree is 5.76234%
This DQT contains 31 nodes
FAR at 3 stage is 0.342672%
***********************************
Before trim the num of posIndex is 29849
Before trim the num of negIndex is 89547
The minLeaf at this stage is 1087
Iter 4: nPos=29039, nNeg=79693, 
The FAR of this tree is 2.03245%
This DQT contains 33 nodes
FAR at 4 stage is 0.00696465%


The training is converged at iteration 4. FAR = 0.01%
The adaboost training is finished at inner cycle.
Weak classifier 5 FAR: 6.96465e-05


The detector training is finished.
