Prepare postive samples
The picture has been already enough done
The number of postvie samples is 20000
Prepare negtive samples
 done
The number of negtive samples is 20
***********************************
Before trim the num of posIndex is 20000
Before trim the num of negIndex is 20000
The minLeaf at this stage is 400
Iter 0: nPos=20000, nNeg=20000, -0.997681 -0.684902 -0.613861 -0.548544 -0.535109 -0.502488 -0.369458 -0.303419 -0.303419 -0.26 -0.0124688 -0.0124688 0.0822943 0.0822943 0.247166 0.247166 0.247166 0.54 0.54 0.54 0.731343 0.731343 0.731343 0.731343 0.811024 0.811024 0.811024 0.811024 0.904762 0.904762 0.904762 0.904762 0.91 0.91 0.91 0.91 0.97 0.97 0.97 0.97 1 1 1 1 1 1 1 1 1 1 1 1 1 1 1 1 1 1 1 1 1 1 1 1 1 1 1 1 1 1 1 1 1 1 1 1 1 1 1 1 1 1 1 1 1 1 1 1 1 1 1 1 1 1 1 1 1 1 1 1 1 1 1 1 1 1 1 1 1 1 1 1 1 1 1 1 1 1 1 1 1 1 1 1 1 1 1 1 1 1 1 1 1 1 1 1 1 1 1 1 1 1 1 1 1 1 1 1 1 1 1 1 1 1 1 1 1 1 1 1 1 1 1 1 1 1 1 1 1 1 1 1 1 1 1 1 1 1 1 1 1 1 1 1 1 1 1 1 1 1 1 1 1 1 1 1 1 1 1 1 
The FAR of this tree is 90.485%
This DQT contains 28 nodes
FAR at 0 stage is 90.485%
***********************************
Before trim the num of posIndex is 20000
Before trim the num of negIndex is 18097
The minLeaf at this stage is 381
Iter 1: nPos=20000, nNeg=18097, -1.93621 -1.04201 -0.740297 -0.463417 -0.337768 -0.267121 -0.161358 -0.109555 0.0829036 0.116935 0.261412 0.353338 0.464891 0.482532 0.572662 0.605836 0.662014 0.674701 0.696581 0.766183 0.794812 0.836017 0.931054 0.961468 0.987531 1.01585 1.02499 1.06044 1.08154 1.08154 1.15044 1.23537 1.24717 1.53157 1.53157 1.53157 1.54 1.54 1.68389 1.70043 1.73134 1.73134 1.77646 1.81102 1.85583 1.85583 1.85583 1.87543 1.90476 1.90476 1.91 1.91 1.96543 1.96908 1.96908 1.96908 1.97 1.97 1.97 1.97 1.99261 1.99261 2 2 2 2 2 2 2 2 2 2 2 2 2 2 2 2 2 2 2 2 2 2 2 2 2 2 2 2 2 2 2 2 2 2 2 2 2 2 2 2 2 2 2 2 2 2 2 2 2 2 2 2 2 2 2 2 2 2 2 2 2 2 2 2 2 2 2 2 2 2 2 2 2 2 2 2 2 2 2 2 2 2 2 2 2 2 2 2 2 2 2 2 2 2 2 2 2 2 2 2 2 2 2 2 2 2 2 2 2 2 2 2 2 2 2 2 2 2 2 2 2 2 2 2 2 2 2 2 2 2 2 2 2 2 2 2 2 2 
The FAR of this tree is 40.83%
This DQT contains 26 nodes
FAR at 1 stage is 36.945%
***********************************
Before trim the num of posIndex is 20000
Before trim the num of negIndex is 7389
The minLeaf at this stage is 269
Iter 2: nPos=20000, nNeg=6892, -2.77795 -1.15314 -0.68747 -0.310107 -0.132042 0.0701742 0.239465 0.405429 0.536583 0.634711 0.712433 0.819354 0.880427 0.969714 1.06303 1.11266 1.16234 1.19326 1.28096 1.31443 1.38571 1.40708 1.43814 1.48253 1.49751 1.57266 1.60739 1.63746 1.6747 1.68757 1.76618 1.8035 1.88668 1.93499 1.97976 2.01585 2.02499 2.06044 2.08154 2.1113 2.1113 2.13283 2.15044 2.23537 2.31358 2.35511 2.44188 2.53157 2.53157 2.53712 2.53712 2.54 2.68389 2.69029 2.72121 2.72395 2.73134 2.77646 2.78804 2.83109 2.83109 2.85583 2.85583 2.87543 2.89746 2.90476 2.90762 2.90762 2.91 2.96543 2.96908 2.96908 2.97 2.97 2.97 2.97 2.99261 2.99261 3 3 3 3 3 3 3 3 3 3 3 3 3 3 3 3 3 3 3 3 3 3 3 3 3 3 3 3 3 3 3 3 3 3 3 3 3 3 3 3 3 3 3 3 3 3 3 3 3 3 3 3 3 3 3 3 3 3 3 3 3 3 3 3 3 3 3 3 3 3 3 3 3 3 3 3 3 3 3 3 3 3 3 3 3 3 3 3 3 3 3 3 3 3 3 3 3 3 3 3 3 3 3 3 3 3 3 3 3 3 3 3 3 3 3 3 3 3 3 3 3 3 
The FAR of this tree is 74.841%
This DQT contains 26 nodes
FAR at 2 stage is 27.65%
***********************************
Before trim the num of posIndex is 20000
Before trim the num of negIndex is 5530
The minLeaf at this stage is 248
Iter 3: nPos=20000, nNeg=4814, -3.44655 -1.35176 -0.62537 -0.217652 0.0306234 0.218567 0.430911 0.589512 0.75617 0.8845 1.01625 1.16058 1.2597 1.36854 1.47645 1.54283 1.63847 1.72157 1.80387 1.88043 1.95051 2.01102 2.06907 2.11301 2.15826 2.19326 2.25347 2.30401 2.32463 2.38571 2.40708 2.43814 2.48253 2.50713 2.51544 2.57978 2.61492 2.66377 2.6747 2.74141 2.77886 2.79481 2.87344 2.93499 2.96147 3.01142 3.02499 3.06044 3.08154 3.1113 3.1113 3.15044 3.20573 3.25987 3.3139 3.35511 3.42119 3.49203 3.53157 3.53157 3.53712 3.54 3.66691 3.6928 3.72121 3.73134 3.76945 3.76945 3.78804 3.83109 3.85583 3.85583 3.87543 3.88407 3.89746 3.90476 3.90762 3.90762 3.96543 3.96908 3.96908 3.97 3.97 3.97 3.98797 3.99261 3.99261 4 4 4 4 4 4 4 4 4 4 4 4 4 4 4 4 4 4 4 4 4 4 4 4 4 4 4 4 4 4 4 4 4 4 4 4 4 4 4 4 4 4 4 4 4 4 4 4 4 4 4 4 4 4 4 4 4 4 4 4 4 4 4 4 4 4 4 4 4 4 4 4 4 4 4 4 4 4 4 4 4 4 4 4 4 4 4 4 4 4 4 4 4 4 4 4 4 4 4 4 4 4 4 4 4 4 4 4 4 4 4 4 4 
The FAR of this tree is 78.7161%
This DQT contains 23 nodes
FAR at 3 stage is 21.765%
***********************************
Before trim the num of posIndex is 20000
Before trim the num of negIndex is 4353
The minLeaf at this stage is 238
Iter 4: nPos=20000, nNeg=3768, -4.28656 -1.34331 -0.641426 -0.203957 0.114527 0.384075 0.63797 0.8613 1.05407 1.20443 1.35492 1.50123 1.6448 1.77405 1.88961 1.9882 2.10756 2.1971 2.26452 2.34824 2.4414 2.50962 2.58387 2.65382 2.71869 2.78739 2.87429 2.93394 2.99155 3.05169 3.10105 3.13194 3.17735 3.21663 3.27905 3.32385 3.3666 3.40708 3.43499 3.4804 3.50052 3.51748 3.55441 3.58783 3.60739 3.66364 3.6884 3.74 3.77886 3.80137 3.81288 3.88495 3.92585 3.94615 3.96147 4.00383 4.02341 4.05752 4.08154 4.10729 4.1113 4.15044 4.23977 4.3139 4.33784 4.35511 4.44022 4.49203 4.53157 4.53712 4.59651 4.68389 4.72121 4.73134 4.74068 4.74068 4.76945 4.78804 4.83109 4.85315 4.85583 4.87543 4.88407 4.89746 4.90476 4.90762 4.9149 4.92692 4.9484 4.95914 4.96543 4.96908 4.96908 4.97 4.97 4.97 4.99261 4.99261 5 5 5 5 5 5 5 5 5 5 5 5 5 5 5 5 5 5 5 5 5 5 5 5 5 5 5 5 5 5 5 5 5 5 5 5 5 5 5 5 5 5 5 5 5 5 5 5 5 5 5 5 5 5 5 5 5 5 5 5 5 5 5 5 5 5 5 5 5 5 5 5 5 5 5 5 5 5 5 5 5 5 5 5 5 5 5 5 5 5 5 5 5 5 5 5 5 5 5 5 5 5 
The FAR of this tree is 92.1663%
This DQT contains 27 nodes
FAR at 4 stage is 20.06%
***********************************
Before trim the num of posIndex is 20000
Before trim the num of negIndex is 4012
The minLeaf at this stage is 234
Iter 5: nPos=20000, nNeg=3396, -4.79701 -1.58819 -0.808061 -0.264252 0.192978 0.528234 0.797473 1.09721 1.31648 1.51892 1.68056 1.84878 2.02612 2.17826 2.28783 2.41292 2.53663 2.65233 2.75358 2.85432 2.95472 3.05272 3.13655 3.20488 3.26718 3.34048 3.4226 3.49168 3.553 3.62473 3.68397 3.74491 3.81357 3.8827 3.93897 3.99392 4.05156 4.0966 4.12529 4.16532 4.21189 4.27057 4.31807 4.35788 4.38614 4.41478 4.4496 4.48454 4.51215 4.54319 4.58783 4.60739 4.64441 4.66267 4.69186 4.76662 4.79898 4.81288 4.88718 4.92354 4.94615 4.96147 4.99538 5.02499 5.07157 5.10706 5.1113 5.15289 5.24034 5.27459 5.3054 5.33784 5.35511 5.458 5.49203 5.53261 5.54 5.60755 5.68035 5.72121 5.73134 5.74068 5.76945 5.78804 5.81657 5.83109 5.85583 5.85583 5.88407 5.89746 5.90476 5.90762 5.92643 5.92667 5.94498 5.95914 5.96261 5.96908 5.96908 5.97 5.97 5.98797 5.99261 6 6 6 6 6 6 6 6 6 6 6 6 6 6 6 6 6 6 6 6 6 6 6 6 6 6 6 6 6 6 6 6 6 6 6 6 6 6 6 6 6 6 6 6 6 6 6 6 6 6 6 6 6 6 6 6 6 6 6 6 6 6 6 6 6 6 6 6 6 6 6 6 6 6 6 6 6 6 6 6 6 6 6 6 6 6 6 6 6 6 6 6 6 6 6 6 6 
The FAR of this tree is 73.9531%
This DQT contains 25 nodes
FAR at 5 stage is 14.835%


No enough negative samples. The AdaBoost learning terminates at iteration 5. nNegPass = 2967.
The adaboost training is finished at inner cycle.
Weak classifier 6 FAR: 0.14835
Bootstrap negtive samples
Bootstrap Done
After bootstrap :20000
Test current model
Warning: some positive samples cannot pass all stages. pass rate is 0.99985
Warning: some negative samples cannot pass all stages, pass rate is 0.2844
***********************************
Before trim the num of posIndex is 19997
Before trim the num of negIndex is 5688
The minLeaf at this stage is 100
Iter 6: nPos=1663, nNeg=4423, -3.49597 -0.822689 -0.173509 0.295806 0.623731 0.937772 1.18673 1.44765 1.64862 1.84288 2.04138 2.19421 2.33566 2.50178 2.638 2.76341 2.88809 2.99975 3.12355 3.21418 3.29857 3.39335 3.49197 3.59235 3.67017 3.73228 3.80547 3.86412 3.92911 3.98593 4.04575 4.11238 4.17018 4.23419 4.2913 4.35318 4.41947 4.4788 4.52412 4.57507 4.62739 4.67729 4.72528 4.76952 4.82175 4.86765 4.91343 4.95868 4.98717 5.00766 5.00766 5.00766 5.00766 5.01542 5.02368 5.05086 5.08091 5.12303 5.15398 5.19296 5.22388 5.2518 5.29549 5.32628 5.33743 5.35644 5.3829 5.41269 5.42637 5.42637 5.42637 5.44391 5.46376 5.46376 5.46376 5.46854 5.50344 5.53621 5.56674 5.59951 5.64988 5.66845 5.71513 5.72625 5.72625 5.72625 5.76424 5.80018 5.84256 5.91084 5.93728 5.96054 6.00165 6.02415 6.04268 6.04268 6.05243 6.06652 6.10104 6.12303 6.16568 6.19109 6.19109 6.1966 6.1966 6.1966 6.1966 6.21106 6.26833 6.29669 6.34723 6.40735 6.44406 6.46387 6.46387 6.46387 6.46387 6.46387 6.46387 6.46387 6.47903 6.52532 6.5565 6.56389 6.56389 6.6185 6.67435 6.70766 6.70766 6.70766 6.7177 6.74768 6.74768 6.74768 6.74768 6.74768 6.74768 6.74768 6.74768 6.74768 6.74768 6.7702 6.81347 6.81347 6.83696 6.87619 6.89366 6.91855 6.93873 6.95755 6.96212 6.96375 6.99212 6.99212 6.99212 6.99212 6.99212 6.99212 6.99212 6.99212 6.99212 6.99212 6.99212 6.99212 6.99212 6.99212 6.99212 6.99212 6.99212 6.99212 6.99212 6.99375 6.99375 6.99375 6.99375 6.99375 6.99375 6.99375 6.99375 6.99375 6.99375 6.99375 6.99375 6.99375 6.99375 6.99375 6.99375 6.99375 6.99375 6.99375 6.99375 6.99375 6.99375 6.99375 6.99375 6.99375 6.99375 6.99375 6.99375 6.99375 
The FAR of this tree is 13.2032%
This DQT contains 27 nodes
FAR at 6 stage is 1.9587%


No enough negative samples. The AdaBoost learning terminates at iteration 6. nNegPass = 751.
The adaboost training is finished at inner cycle.
Weak classifier 7 FAR: 0.019587
Bootstrap negtive samples
Bootstrap Done
After bootstrap :20000
Test current model
Warning: some positive samples cannot pass all stages. pass rate is 0.99985
Warning: some negative samples cannot pass all stages, pass rate is 0.0638
***********************************
Before trim the num of posIndex is 19997
Before trim the num of negIndex is 1276
The minLeaf at this stage is 100
Iter 7: nPos=2396, nNeg=1043, -2.49597 -0.423784 0.310868 0.763512 1.10253 1.35103 1.58262 1.83973 2.07782 2.27346 2.45467 2.59309 2.74832 2.92044 3.05056 3.18174 3.29207 3.43114 3.53784 3.64754 3.75586 3.84013 3.91483 3.99148 4.07568 4.14421 4.21783 4.28632 4.35053 4.40945 4.46351 4.53292 4.58081 4.64143 4.69727 4.73951 4.79661 4.84704 4.89249 4.94321 4.97917 5.01869 5.07192 5.11622 5.15951 5.19993 5.23723 5.27284 5.31258 5.3581 5.40231 5.44874 5.48333 5.52169 5.54849 5.58427 5.59951 5.63581 5.67107 5.70044 5.73512 5.76895 5.80731 5.84077 5.87073 5.90529 5.93433 5.94727 5.96687 5.99482 6.00532 6.00766 6.01542 6.02865 6.05386 6.08655 6.11683 6.14191 6.16629 6.19296 6.22388 6.24636 6.2637 6.27734 6.30048 6.32156 6.33058 6.3452 6.36342 6.38514 6.39179 6.40241 6.41762 6.42637 6.43355 6.43518 6.4452 6.46376 6.47548 6.51523 6.53915 6.54653 6.54655 6.5716 6.59939 6.65151 6.67123 6.69033 6.72041 6.72625 6.75672 6.78754 6.80687 6.85535 6.88778 6.92868 6.95522 6.96344 6.9687 6.97583 6.99685 7.02365 7.04268 7.05294 7.07362 7.10109 7.12503 7.12666 7.12975 7.13897 7.17744 7.19109 7.1966 7.21314 7.21477 7.23808 7.26808 7.26971 7.3066 7.32996 7.38324 7.39702 7.42145 7.46387 7.46387 7.46387 7.4703 7.51177 7.53738 7.56389 7.56873 7.57035 7.60078 7.64471 7.67927 7.68084 7.68473 7.70766 7.71494 7.74662 7.74768 7.74768 7.74768 7.78179 7.78344 7.81347 7.83961 7.88993 7.91215 7.92527 7.92527 7.92527 7.9269 7.9269 7.9269 7.9269 7.92917 7.93079 7.94 7.94163 7.94163 7.95289 7.98035 7.99212 7.99212 7.99212 7.99212 7.99212 7.99212 7.99212 7.99375 7.99375 7.99375 7.99375 7.99375 7.99375 7.99375 7.99375 7.99375 7.99375 
The FAR of this tree is 14.8903%
This DQT contains 23 nodes
FAR at 7 stage is 0.291656%


No enough negative samples. The AdaBoost learning terminates at iteration 7. nNegPass = 190.
The adaboost training is finished at inner cycle.
Weak classifier 8 FAR: 0.00291656
Bootstrap negtive samples
Bootstrap Done
After bootstrap :20000
Test current model
Warning: some positive samples cannot pass all stages. pass rate is 0.99985
Warning: some negative samples cannot pass all stages, pass rate is 0.01505

No enough negative samples. The Adaboost learning terninates at iteration 8. nNegPass = 301
The adaboost training is finished at inner cycle.


No effective features for further detector learning.
